Using pre-set license
Built from '2023.1/staging' branch; Version is '2023.1.19f1 (629111e352bc) revision 6459665'; Using compiler version '192829333'; Build Type 'Release'
OS: 'Windows 11  (10.0.22621) 64bit Core' Language: 'en' Physical Memory: 16074 MB
BatchMode: 1, IsHumanControllingUs: 0, StartBugReporterOnCrash: 0, Is64bit: 1, IsPro: 1

COMMAND LINE ARGUMENTS:
C:\Program Files\Unity 2023.1.19f1\Editor\Unity.exe
-adb2
-batchMode
-noUpm
-name
AssetImportWorker2
-projectPath
C:/Users/ASUS/OneDrive - Baku Higher Oil School/Desktop/games/toma/endlesrun
-logFile
Logs/AssetImportWorker2.log
-srvPort
58086
Successfully changed project path to: C:/Users/ASUS/OneDrive - Baku Higher Oil School/Desktop/games/toma/endlesrun
C:/Users/ASUS/OneDrive - Baku Higher Oil School/Desktop/games/toma/endlesrun
[UnityMemory] Configuration Parameters - Can be set up in boot.config
    "memorysetup-bucket-allocator-granularity=16"
    "memorysetup-bucket-allocator-bucket-count=8"
    "memorysetup-bucket-allocator-block-size=33554432"
    "memorysetup-bucket-allocator-block-count=8"
    "memorysetup-main-allocator-block-size=16777216"
    "memorysetup-thread-allocator-block-size=16777216"
    "memorysetup-gfx-main-allocator-block-size=16777216"
    "memorysetup-gfx-thread-allocator-block-size=16777216"
    "memorysetup-cache-allocator-block-size=4194304"
    "memorysetup-typetree-allocator-block-size=2097152"
    "memorysetup-profiler-bucket-allocator-granularity=16"
    "memorysetup-profiler-bucket-allocator-bucket-count=8"
    "memorysetup-profiler-bucket-allocator-block-size=33554432"
    "memorysetup-profiler-bucket-allocator-block-count=8"
    "memorysetup-profiler-allocator-block-size=16777216"
    "memorysetup-profiler-editor-allocator-block-size=1048576"
    "memorysetup-temp-allocator-size-main=16777216"
    "memorysetup-job-temp-allocator-block-size=2097152"
    "memorysetup-job-temp-allocator-block-size-background=1048576"
    "memorysetup-job-temp-allocator-reduction-small-platforms=262144"
    "memorysetup-allocator-temp-initial-block-size-main=262144"
    "memorysetup-allocator-temp-initial-block-size-worker=262144"
    "memorysetup-temp-allocator-size-background-worker=32768"
    "memorysetup-temp-allocator-size-job-worker=262144"
    "memorysetup-temp-allocator-size-preload-manager=33554432"
    "memorysetup-temp-allocator-size-nav-mesh-worker=65536"
    "memorysetup-temp-allocator-size-audio-worker=65536"
    "memorysetup-temp-allocator-size-cloud-worker=32768"
    "memorysetup-temp-allocator-size-gi-baking-worker=262144"
    "memorysetup-temp-allocator-size-gfx=262144"
Player connection [13232] Host "[IP] 192.168.100.12 [Port] 0 [Flags] 2 [Guid] 2344612212 [EditorId] 2344612212 [Version] 1048832 [Id] WindowsEditor(7,DESKTOP-6JDFM3O) [Debug] 1 [PackageName] WindowsEditor [ProjectName] Editor" joined multi-casting on [225.0.0.222:54997]...

Player connection [13232] Host "[IP] 192.168.100.12 [Port] 0 [Flags] 2 [Guid] 2344612212 [EditorId] 2344612212 [Version] 1048832 [Id] WindowsEditor(7,DESKTOP-6JDFM3O) [Debug] 1 [PackageName] WindowsEditor [ProjectName] Editor" joined alternative multi-casting on [225.0.0.222:34997]...

[Physics::Module] Initialized MultithreadedJobDispatcher with 19 workers.
Library Redirect Path: Library/Refreshing native plugins compatible for Editor in 19.76 ms, found 3 plugins.
Preloading 0 native plugins for Editor in 0.00 ms.
Initialize engine version: 2023.1.19f1 (629111e352bc)
[Subsystems] Discovering subsystems at path C:/Program Files/Unity 2023.1.19f1/Editor/Data/Resources/UnitySubsystems
[Subsystems] Discovering subsystems at path C:/Users/ASUS/OneDrive - Baku Higher Oil School/Desktop/games/toma/endlesrun/Assets
GfxDevice: creating device client; threaded=0; jobified=0
Direct3D:
    Version:  Direct3D 11.0 [level 11.1]
    Renderer: Intel(R) Iris(R) Xe Graphics (ID=0x46a6)
    Vendor:   Intel
    VRAM:     8037 MB
    Driver:   31.0.101.3962
Initialize mono
Mono path[0] = 'C:/Program Files/Unity 2023.1.19f1/Editor/Data/Managed'
Mono path[1] = 'C:/Program Files/Unity 2023.1.19f1/Editor/Data/MonoBleedingEdge/lib/mono/unityjit-win32'
Mono config path = 'C:/Program Files/Unity 2023.1.19f1/Editor/Data/MonoBleedingEdge/etc'
Using monoOptions --debugger-agent=transport=dt_socket,embedding=1,server=y,suspend=n,address=127.0.0.1:56820
Begin MonoManager ReloadAssembly
C:\build\output\Unity-Technologies\mono\mono\metadata\icall.c:1842:
C:\build\output\Unity-Technologies\mono\mono\metadata\icall.c:1842:
C:\build\output\Unity-Technologies\mono\mono\metadata\icall.c:1842:
C:\build\output\Unity-Technologies\mono\mono\metadata\icall.c:1842:
C:\build\output\Unity-Technologies\mono\mono\metadata\icall.c:1842:
C:\build\output\Unity-Technologies\mono\mono\metadata\icall.c:1842:
C:\build\output\Unity-Technologies\mono\mono\metadata\icall.c:1842:
C:\build\output\Unity-Technologies\mono\mono\metadata\icall.c:1842:
C:\build\output\Unity-Technologies\mono\mono\metadata\icall.c:1842:
C:\build\output\Unity-Technologies\mono\mono\metadata\icall.c:1842:
Registering precompiled unity dll's ...
Register platform support module: C:/Program Files/Unity 2023.1.19f1/Editor/Data/PlaybackEngines/WindowsStandaloneSupport/UnityEditor.WindowsStandalone.Extensions.dll
Registered in 0.004073 seconds.
- Loaded All Assemblies, in  0.530 seconds
Native extension for WindowsStandalone target not found
Mono: successfully reloaded assembly
C:\build\output\Unity-Technologies\mono\mono\metadata\icall.c:1842:
C:\build\output\Unity-Technologies\mono\mono\metadata\icall.c:1842:
- Finished resetting the current domain, in  0.424 seconds
Domain Reload Profiling: 951ms
	BeginReloadAssembly (170ms)
		ExecutionOrderSort (0ms)
		DisableScriptedObjects (0ms)
		BackupInstance (0ms)
		ReleaseScriptingObjects (0ms)
		CreateAndSetChildDomain (1ms)
	RebuildCommonClasses (42ms)
	RebuildNativeTypeToScriptingClass (13ms)
	initialDomainReloadingComplete (67ms)
	LoadAllAssembliesAndSetupDomain (234ms)
		LoadAssemblies (162ms)
		RebuildTransferFunctionScriptingTraits (0ms)
		AnalyzeDomain (226ms)
			TypeCache.Refresh (224ms)
				TypeCache.ScanAssembly (208ms)
			ScanForSourceGeneratedMonoScriptInfo (1ms)
			ResolveRequiredComponents (1ms)
	FinalizeReload (425ms)
		ReleaseScriptCaches (0ms)
		RebuildScriptCaches (0ms)
		SetupLoadedEditorAssemblies (351ms)
			LogAssemblyErrors (0ms)
			InitializePlatformSupportModulesInManaged (14ms)
			SetLoadedEditorAssemblies (9ms)
			BeforeProcessingInitializeOnLoad (16ms)
			ProcessInitializeOnLoadAttributes (245ms)
			ProcessInitializeOnLoadMethodAttributes (67ms)
			AfterProcessingInitializeOnLoad (0ms)
			EditorAssembliesLoaded (0ms)
		ExecutionOrderSort2 (0ms)
		AwakeInstancesAfterBackupRestoration (0ms)
========================================================================
Worker process is ready to serve import requests
Import Worker Mode flag is 0x00
Begin MonoManager ReloadAssembly
C:\build\output\Unity-Technologies\mono\mono\metadata\icall.c:1842:
C:\build\output\Unity-Technologies\mono\mono\metadata\icall.c:1842:
C:\build\output\Unity-Technologies\mono\mono\metadata\icall.c:1842:
C:\build\output\Unity-Technologies\mono\mono\metadata\icall.c:1842:
C:\build\output\Unity-Technologies\mono\mono\metadata\icall.c:1842:
C:\build\output\Unity-Technologies\mono\mono\metadata\icall.c:1842:
C:\build\output\Unity-Technologies\mono\mono\metadata\icall.c:1842:
C:\build\output\Unity-Technologies\mono\mono\metadata\icall.c:1842:
C:\build\output\Unity-Technologies\mono\mono\metadata\icall.c:1842:
C:\build\output\Unity-Technologies\mono\mono\metadata\icall.c:1842:
C:\build\output\Unity-Technologies\mono\mono\metadata\icall.c:1842:
C:\build\output\Unity-Technologies\mono\mono\metadata\icall.c:1842:
Symbol file LoadedFromMemory doesn't match image C:\Users\ASUS\OneDrive - Baku Higher Oil School\Desktop\games\toma\endlesrun\Library\PackageCache\com.unity.visualscripting@1.8.0\Editor\VisualScripting.Core\Dependencies\YamlDotNet\Unity.VisualScripting.YamlDotNet.dll
Symbol file LoadedFromMemory doesn't match image C:\Users\ASUS\OneDrive - Baku Higher Oil School\Desktop\games\toma\endlesrun\Library\PackageCache\com.unity.visualscripting@1.8.0\Editor\VisualScripting.Core\Dependencies\DotNetZip\Unity.VisualScripting.IonicZip.dll
- Loaded All Assemblies, in  1.467 seconds
Refreshing native plugins compatible for Editor in 3.71 ms, found 3 plugins.
Native extension for WindowsStandalone target not found
Mono: successfully reloaded assembly
- Finished resetting the current domain, in  0.874 seconds
Domain Reload Profiling: 2331ms
	BeginReloadAssembly (435ms)
		ExecutionOrderSort (0ms)
		DisableScriptedObjects (8ms)
		BackupInstance (0ms)
		ReleaseScriptingObjects (0ms)
		CreateAndSetChildDomain (40ms)
	RebuildCommonClasses (42ms)
	RebuildNativeTypeToScriptingClass (18ms)
	initialDomainReloadingComplete (62ms)
	LoadAllAssembliesAndSetupDomain (900ms)
		LoadAssemblies (612ms)
		RebuildTransferFunctionScriptingTraits (0ms)
		AnalyzeDomain (425ms)
			TypeCache.Refresh (402ms)
				TypeCache.ScanAssembly (387ms)
			ScanForSourceGeneratedMonoScriptInfo (16ms)
			ResolveRequiredComponents (7ms)
	FinalizeReload (875ms)
		ReleaseScriptCaches (0ms)
		RebuildScriptCaches (0ms)
		SetupLoadedEditorAssemblies (581ms)
			LogAssemblyErrors (0ms)
			InitializePlatformSupportModulesInManaged (11ms)
			SetLoadedEditorAssemblies (7ms)
			BeforeProcessingInitializeOnLoad (97ms)
			ProcessInitializeOnLoadAttributes (418ms)
			ProcessInitializeOnLoadMethodAttributes (35ms)
			AfterProcessingInitializeOnLoad (12ms)
			EditorAssembliesLoaded (0ms)
		ExecutionOrderSort2 (0ms)
		AwakeInstancesAfterBackupRestoration (10ms)
Launched and connected shader compiler UnityShaderCompiler.exe after 0.01 seconds
Refreshing native plugins compatible for Editor in 5.99 ms, found 3 plugins.
Preloading 0 native plugins for Editor in 0.00 ms.
Unloading 3146 Unused Serialized files (Serialized files now loaded: 0)
Unloading 32 unused Assets / (53.2 KB). Loaded Objects now: 3685.
Memory consumption went from 136.4 MB to 136.4 MB.
Total: 6.866200 ms (FindLiveObjects: 0.366600 ms CreateObjectMapping: 0.183200 ms MarkObjects: 6.145800 ms  DeleteObjects: 0.168100 ms)

AssetImportParameters requested are different than current active one (requested -> active):
  custom:video-decoder-webm-vp8: 9c59270c3fd7afecdb556c50c9e8de78 -> 
  custom:audio-encoder-webm-vorbis: bf7c407c2cedff20999df2af8eb42d56 -> 
  custom:AudioImporter_EditorPlatform: d09bf68614088b80899f8185d706f6e7 -> 
  custom:audio-decoder-ogg-vorbis: bf7c407c2cedff20999df2af8eb42d56 -> 
  custom:video-encoder-webm-vp8: eb34c28f22e8b96e1ab97ce403110664 -> 
  custom:container-demuxer-ogg: 62fdf1f143b41e24485cea50d1cbac27 -> 
  custom:framework-win-MediaFoundation: 216162199b28c13a410421893ffa2e32 -> 
  custom:video-decoder-ogg-theora: a1e56fd34408186e4bbccfd4996cb3dc -> 
  custom:container-muxer-webm: aa71ff27fc2769a1b78a27578f13a17b -> 
  custom:video-codec-MediaFoundation-h265: 746d11721c4dcdbdad8f713fa42b33f4 -> 
  custom:container-demuxer-webm: 4f35f7cbe854078d1ac9338744f61a02 -> 
========================================================================
Received Import Request.
  Time since last request: 233084.444472 seconds.
  path: Assets/BlockMan_Run_MixDL.fbx
  artifactKey: Guid(56ab06e29219e0d44bdc09f9d361d074) Importer(815301076,1909f56bfc062723c751e8b465ee728b)
Start importing Assets/BlockMan_Run_MixDL.fbx using Guid(56ab06e29219e0d44bdc09f9d361d074) Importer(815301076,1909f56bfc062723c751e8b465ee728b)  -> (artifact id: '732a06667deaf18af15cc3268c28de0f') in 0.284470 seconds
Number of updated asset objects reloaded before import = 0
Number of asset objects unloaded after import = 61
========================================================================
Received Import Request.
  Time since last request: 0.000045 seconds.
  path: Assets/detailed-close-up-view-on-a-forest-ground-texture-with-moss-and-branches-photo.jpg
  artifactKey: Guid(414284c053dfcfe44a3d304710af91bb) Importer(815301076,1909f56bfc062723c751e8b465ee728b)
Start importing Assets/detailed-close-up-view-on-a-forest-ground-texture-with-moss-and-branches-photo.jpg using Guid(414284c053dfcfe44a3d304710af91bb) Importer(815301076,1909f56bfc062723c751e8b465ee728b)  -> (artifact id: '9b0642b4d3397fb7aaadca4bd37d58fe') in 0.029671 seconds
Number of updated asset objects reloaded before import = 0
Number of asset objects unloaded after import = 2
========================================================================
Received Import Request.
  Time since last request: 0.000121 seconds.
  path: Assets/89-OJ-ถังขยะโรงเรียน.fbx
  artifactKey: Guid(76cb2c958b1536248a6b8364529097ce) Importer(815301076,1909f56bfc062723c751e8b465ee728b)
Start importing Assets/89-OJ-ถังขยะโรงเรียน.fbx using Guid(76cb2c958b1536248a6b8364529097ce) Importer(815301076,1909f56bfc062723c751e8b465ee728b)  -> (artifact id: 'cd5c4385357669876a9c79076ad5ff5b') in 0.062169 seconds
Number of updated asset objects reloaded before import = 0
Number of asset objects unloaded after import = 9
========================================================================
Received Import Request.
  Time since last request: 10.840045 seconds.
  path: Assets/Scenes/SampleScene.unity
  artifactKey: Guid(9fc0d4010bbf28b4594072e72b8655ab) Importer(815301076,1909f56bfc062723c751e8b465ee728b)
Start importing Assets/Scenes/SampleScene.unity using Guid(9fc0d4010bbf28b4594072e72b8655ab) Importer(815301076,1909f56bfc062723c751e8b465ee728b)  -> (artifact id: 'dac8f0a2af80dadde4b5d30e7f8a5d95') in 0.001294 seconds
Number of updated asset objects reloaded before import = 0
Number of asset objects unloaded after import = 0
========================================================================
Received Prepare
Refreshing native plugins compatible for Editor in 5.57 ms, found 3 plugins.
Preloading 0 native plugins for Editor in 0.00 ms.
Unloading 0 Unused Serialized files (Serialized files now loaded: 0)
Unloading 1 unused Assets / (0.8 KB). Loaded Objects now: 3732.
Memory consumption went from 92.4 MB to 92.4 MB.
Total: 5.321800 ms (FindLiveObjects: 0.185900 ms CreateObjectMapping: 0.083900 ms MarkObjects: 5.028800 ms  DeleteObjects: 0.021900 ms)

Prepare: number of updated asset objects reloaded= 0
AssetImportParameters requested are different than current active one (requested -> active):
  custom:video-decoder-webm-vp8: 9c59270c3fd7afecdb556c50c9e8de78 -> 
  custom:SearchIndexIgnoredProperties: e643bd26f0fe6173181afceb89e7c659 -> 
  custom:audio-encoder-webm-vorbis: bf7c407c2cedff20999df2af8eb42d56 -> 
  custom:AudioImporter_EditorPlatform: d09bf68614088b80899f8185d706f6e7 -> 
  custom:audio-decoder-ogg-vorbis: bf7c407c2cedff20999df2af8eb42d56 -> 
  custom:video-encoder-webm-vp8: eb34c28f22e8b96e1ab97ce403110664 -> 
  custom:container-demuxer-ogg: 62fdf1f143b41e24485cea50d1cbac27 -> 
  custom:framework-win-MediaFoundation: 216162199b28c13a410421893ffa2e32 -> 
  custom:video-decoder-ogg-theora: a1e56fd34408186e4bbccfd4996cb3dc -> 
  custom:container-muxer-webm: aa71ff27fc2769a1b78a27578f13a17b -> 
  custom:video-codec-MediaFoundation-h265: 746d11721c4dcdbdad8f713fa42b33f4 -> 
  custom:CustomObjectIndexerAttribute: 756ad292c208cfabdd7b50bc23989ffe -> 
  custom:container-demuxer-webm: 4f35f7cbe854078d1ac9338744f61a02 -> 
========================================================================
Received Import Request.
  Time since last request: 493.460504 seconds.
  path: Assets/Prefabs/GroundTile.prefab
  artifactKey: Guid(97b2a90adc16ec44e89aa591b46724bd) Importer(815301076,1909f56bfc062723c751e8b465ee728b)
Start importing Assets/Prefabs/GroundTile.prefab using Guid(97b2a90adc16ec44e89aa591b46724bd) Importer(815301076,1909f56bfc062723c751e8b465ee728b)  -> (artifact id: '6061bf0d8db95e03628de0212d475aff') in 0.036465 seconds
Number of updated asset objects reloaded before import = 0
Number of asset objects unloaded after import = 48
========================================================================
Received Import Request.
  Time since last request: 107.703107 seconds.
  path: Assets/Prefabs/pngtree-ancient-egypt-tomb-hieroglyphs-texture-carving-ancient-egypt-photo-image_32172776.jpg
  artifactKey: Guid(203052928e5d2584cb6a8e33b9e433bc) Importer(815301076,1909f56bfc062723c751e8b465ee728b)
Start importing Assets/Prefabs/pngtree-ancient-egypt-tomb-hieroglyphs-texture-carving-ancient-egypt-photo-image_32172776.jpg using Guid(203052928e5d2584cb6a8e33b9e433bc) Importer(815301076,1909f56bfc062723c751e8b465ee728b)  -> (artifact id: 'f928b092466a5100e18d17f3f9fe7de3') in 0.022592 seconds
Number of updated asset objects reloaded before import = 0
Number of asset objects unloaded after import = 2
========================================================================
Received Import Request.
  Time since last request: 10.416761 seconds.
  path: Assets/Prefabs/images (1).jpeg
  artifactKey: Guid(52e089e29ad2db3489b0e3388088c77e) Importer(815301076,1909f56bfc062723c751e8b465ee728b)
Start importing Assets/Prefabs/images (1).jpeg using Guid(52e089e29ad2db3489b0e3388088c77e) Importer(815301076,1909f56bfc062723c751e8b465ee728b)  -> (artifact id: 'd36a476e683d86402e08c01852744f46') in 0.010490 seconds
Number of updated asset objects reloaded before import = 0
Number of asset objects unloaded after import = 2
========================================================================
Received Import Request.
  Time since last request: 3.961708 seconds.
  path: Assets/Prefabs/images.jpeg
  artifactKey: Guid(5afaf2f99f6720244bdc558723ee8d66) Importer(815301076,1909f56bfc062723c751e8b465ee728b)
Start importing Assets/Prefabs/images.jpeg using Guid(5afaf2f99f6720244bdc558723ee8d66) Importer(815301076,1909f56bfc062723c751e8b465ee728b)  -> (artifact id: 'f9c849a30f2dda49db94b7d193ef6f66') in 0.013391 seconds
Number of updated asset objects reloaded before import = 0
Number of asset objects unloaded after import = 2
========================================================================
Received Import Request.
  Time since last request: 25.735323 seconds.
  path: Assets/materials/360_F_286290764_on1FxOkhyM3sj0qsQlV80xVm3YpsBN9q.jpg
  artifactKey: Guid(2ff6cbccb939d514d8061bb2193236a3) Importer(815301076,1909f56bfc062723c751e8b465ee728b)
Start importing Assets/materials/360_F_286290764_on1FxOkhyM3sj0qsQlV80xVm3YpsBN9q.jpg using Guid(2ff6cbccb939d514d8061bb2193236a3) Importer(815301076,1909f56bfc062723c751e8b465ee728b)  -> (artifact id: 'b0a441a16ea920d6f7ad3e23c990c22d') in 0.021092 seconds
Number of updated asset objects reloaded before import = 0
Number of asset objects unloaded after import = 2
========================================================================
Received Import Request.
  Time since last request: 0.086340 seconds.
  path: Assets/materials/Boy01_spec.jpg
  artifactKey: Guid(bec83386ebc79d94a81827a1f65f677b) Importer(815301076,1909f56bfc062723c751e8b465ee728b)
Start importing Assets/materials/Boy01_spec.jpg using Guid(bec83386ebc79d94a81827a1f65f677b) Importer(815301076,1909f56bfc062723c751e8b465ee728b)  -> (artifact id: '81ec70fa4767ad83962dddd9ebbcad69') in 0.018325 seconds
Number of updated asset objects reloaded before import = 0
Number of asset objects unloaded after import = 2
========================================================================
Received Import Request.
  Time since last request: 0.100412 seconds.
  path: Assets/materials/New Material.mat
  artifactKey: Guid(3abc3e6d36e31a640b64c22eb2b0a928) Importer(815301076,1909f56bfc062723c751e8b465ee728b)
Start importing Assets/materials/New Material.mat using Guid(3abc3e6d36e31a640b64c22eb2b0a928) Importer(815301076,1909f56bfc062723c751e8b465ee728b)  -> (artifact id: '9b2a509b42e2c532f96dc1181c0c0c7d') in 0.020798 seconds
Number of updated asset objects reloaded before import = 0
Number of asset objects unloaded after import = 2
========================================================================
Received Import Request.
  Time since last request: 0.075586 seconds.
  path: Assets/materials/wall1.jpg
  artifactKey: Guid(7e13814c1b9781647a1e503267feb0bd) Importer(815301076,1909f56bfc062723c751e8b465ee728b)
Start importing Assets/materials/wall1.jpg using Guid(7e13814c1b9781647a1e503267feb0bd) Importer(815301076,1909f56bfc062723c751e8b465ee728b)  -> (artifact id: '46bc75dc3f4d2b790cd30bbf3dbdf845') in 0.015360 seconds
Number of updated asset objects reloaded before import = 0
Number of asset objects unloaded after import = 2
========================================================================
Received Import Request.
  Time since last request: 0.000084 seconds.
  path: Assets/materials/wall2.jpg
  artifactKey: Guid(6aaf284579de228478cf7fc895c460b6) Importer(815301076,1909f56bfc062723c751e8b465ee728b)
Start importing Assets/materials/wall2.jpg using Guid(6aaf284579de228478cf7fc895c460b6) Importer(815301076,1909f56bfc062723c751e8b465ee728b)  -> (artifact id: 'e73dddac0b8b42c10db9e982b7065ad4') in 0.011749 seconds
Number of updated asset objects reloaded before import = 0
Number of asset objects unloaded after import = 2
========================================================================
Received Import Request.
  Time since last request: 0.000326 seconds.
  path: Assets/materials/New Material 2.mat
  artifactKey: Guid(32734b7c5496bee488ae53fbb6aef897) Importer(815301076,1909f56bfc062723c751e8b465ee728b)
Start importing Assets/materials/New Material 2.mat using Guid(32734b7c5496bee488ae53fbb6aef897) Importer(815301076,1909f56bfc062723c751e8b465ee728b)  -> (artifact id: 'e5680b6b881b5808c305e7de8f80e933') in 0.012096 seconds
Number of updated asset objects reloaded before import = 0
Number of asset objects unloaded after import = 1
========================================================================
Received Import Request.
  Time since last request: 0.000310 seconds.
  path: Assets/materials/Boy01_normal.jpg
  artifactKey: Guid(3c84b4fbcf00c0449b44151034a44dc1) Importer(815301076,1909f56bfc062723c751e8b465ee728b)
Start importing Assets/materials/Boy01_normal.jpg using Guid(3c84b4fbcf00c0449b44151034a44dc1) Importer(815301076,1909f56bfc062723c751e8b465ee728b)  -> (artifact id: '9997488ea84f631986be2c0e0a568d6f') in 0.027544 seconds
Number of updated asset objects reloaded before import = 0
Number of asset objects unloaded after import = 2
Editor requested this worker to shutdown with reason: Scaling down because of idle timeout
AssetImportWorker is now disconnected from the server
Process exiting
Exiting without the bug reporter. Application will terminate with return code 0